# JRE version: Java(TM) SE Runtime Environment (8.0_31-b13) (build 1.8.0_31-b13)
# Java VM: Java HotSpot(TM) 64-Bit Server VM (25.31-b07 mixed mode windows-amd64 compressed oops)
Heap:
 PSYoungGen      total 181760K, used 117914K [0x0000000717600000, 0x0000000729180000, 0x00000007c0000000)
  eden space 179712K, 64% used [0x0000000717600000,0x000000071e78dec8,0x0000000722580000)
  from space 2048K, 79% used [0x0000000728f80000,0x0000000729118c30,0x0000000729180000)
  to   space 22528K, 0% used [0x0000000726580000,0x0000000726580000,0x0000000727b80000)
 ParOldGen       total 316928K, used 16317K [0x00000005c6200000, 0x00000005d9780000, 0x0000000717600000)
  object space 316928K, 5% used [0x00000005c6200000,0x00000005c71ef5f0,0x00000005d9780000)
 Metaspace       used 35843K, capacity 36562K, committed 36904K, reserved 1081344K
  class space    used 4231K, capacity 4367K, committed 4480K, reserved 1048576K
GC Heap History (10 events):
Event: 7.847 GC heap before
{Heap before GC invocations=4 (full 1):
 PSYoungGen      total 151040K, used 129536K [0x0000000717600000, 0x0000000721e80000, 0x00000007c0000000)
  eden space 129536K, 100% used [0x0000000717600000,0x000000071f480000,0x000000071f480000)
  from space 21504K, 0% used [0x0000000720980000,0x0000000720980000,0x0000000721e80000)
  to   space 21504K, 0% used [0x000000071f480000,0x000000071f480000,0x0000000720980000)
 ParOldGen       total 209920K, used 10696K [0x00000005c6200000, 0x00000005d2f00000, 0x0000000717600000)
  object space 209920K, 5% used [0x00000005c6200000,0x00000005c6c72038,0x00000005d2f00000)
 Metaspace       used 29928K, capacity 30688K, committed 30848K, reserved 1077248K
  class space    used 3506K, capacity 3692K, committed 3712K, reserved 1048576K
Event: 7.857 GC heap after
Heap after GC invocations=4 (full 1):
 PSYoungGen      total 151040K, used 10282K [0x0000000717600000, 0x0000000725280000, 0x00000007c0000000)
  eden space 129536K, 0% used [0x0000000717600000,0x0000000717600000,0x000000071f480000)
  from space 21504K, 47% used [0x000000071f480000,0x000000071fe8a958,0x0000000720980000)
  to   space 21504K, 0% used [0x0000000723d80000,0x0000000723d80000,0x0000000725280000)
 ParOldGen       total 209920K, used 10704K [0x00000005c6200000, 0x00000005d2f00000, 0x0000000717600000)
  object space 209920K, 5% used [0x00000005c6200000,0x00000005c6c74038,0x00000005d2f00000)
 Metaspace       used 29928K, capacity 30688K, committed 30848K, reserved 1077248K
  class space    used 3506K, capacity 3692K, committed 3712K, reserved 1048576K
}
Event: 9.739 GC heap before
{Heap before GC invocations=5 (full 1):
 PSYoungGen      total 151040K, used 139818K [0x0000000717600000, 0x0000000725280000, 0x00000007c0000000)
  eden space 129536K, 100% used [0x0000000717600000,0x000000071f480000,0x000000071f480000)
  from space 21504K, 47% used [0x000000071f480000,0x000000071fe8a958,0x0000000720980000)
  to   space 21504K, 0% used [0x0000000723d80000,0x0000000723d80000,0x0000000725280000)
 ParOldGen       total 209920K, used 10704K [0x00000005c6200000, 0x00000005d2f00000, 0x0000000717600000)
  object space 209920K, 5% used [0x00000005c6200000,0x00000005c6c74038,0x00000005d2f00000)
 Metaspace       used 34176K, capacity 34828K, committed 34944K, reserved 1079296K
  class space    used 4037K, capacity 4174K, committed 4224K, reserved 1048576K
Event: 9.764 GC heap after
Heap after GC invocations=5 (full 1):
 PSYoungGen      total 204288K, used 21482K [0x0000000717600000, 0x0000000725880000, 0x00000007c0000000)
  eden space 182784K, 0% used [0x0000000717600000,0x0000000717600000,0x0000000722880000)
  from space 21504K, 99% used [0x0000000723d80000,0x000000072527a8f0,0x0000000725280000)
  to   space 21504K, 0% used [0x0000000722880000,0x0000000722880000,0x0000000723d80000)
 ParOldGen       total 209920K, used 12776K [0x00000005c6200000, 0x00000005d2f00000, 0x0000000717600000)
  object space 209920K, 6% used [0x00000005c6200000,0x00000005c6e7a238,0x00000005d2f00000)
 Metaspace       used 34176K, capacity 34828K, committed 34944K, reserved 1079296K
  class space    used 4037K, capacity 4174K, committed 4224K, reserved 1048576K
}
Event: 10.353 GC heap before
{Heap before GC invocations=6 (full 1):
 PSYoungGen      total 204288K, used 29249K [0x0000000717600000, 0x0000000725880000, 0x00000007c0000000)
  eden space 182784K, 4% used [0x0000000717600000,0x0000000717d95e10,0x0000000722880000)
  from space 21504K, 99% used [0x0000000723d80000,0x000000072527a8f0,0x0000000725280000)
  to   space 21504K, 0% used [0x0000000722880000,0x0000000722880000,0x0000000723d80000)
 ParOldGen       total 209920K, used 12776K [0x00000005c6200000, 0x00000005d2f00000, 0x0000000717600000)
  object space 209920K, 6% used [0x00000005c6200000,0x00000005c6e7a238,0x00000005d2f00000)
 Metaspace       used 34663K, capacity 35308K, committed 35496K, reserved 1081344K
  class space    used 4110K, capacity 4270K, committed 4352K, reserved 1048576K
Event: 10.359 GC heap after
Heap after GC invocations=6 (full 1):
 PSYoungGen      total 204288K, used 10486K [0x0000000717600000, 0x000000072a480000, 0x00000007c0000000)
  eden space 182784K, 0% used [0x0000000717600000,0x0000000717600000,0x0000000722880000)
  from space 21504K, 48% used [0x0000000722880000,0x00000007232bdab8,0x0000000723d80000)
  to   space 21504K, 0% used [0x0000000728f80000,0x0000000728f80000,0x000000072a480000)
 ParOldGen       total 209920K, used 12784K [0x00000005c6200000, 0x00000005d2f00000, 0x0000000717600000)
  object space 209920K, 6% used [0x00000005c6200000,0x00000005c6e7c238,0x00000005d2f00000)
 Metaspace       used 34663K, capacity 35308K, committed 35496K, reserved 1081344K
  class space    used 4110K, capacity 4270K, committed 4352K, reserved 1048576K
}
Event: 10.359 GC heap before
{Heap before GC invocations=7 (full 2):
 PSYoungGen      total 204288K, used 10486K [0x0000000717600000, 0x000000072a480000, 0x00000007c0000000)
  eden space 182784K, 0% used [0x0000000717600000,0x0000000717600000,0x0000000722880000)
  from space 21504K, 48% used [0x0000000722880000,0x00000007232bdab8,0x0000000723d80000)
  to   space 21504K, 0% used [0x0000000728f80000,0x0000000728f80000,0x000000072a480000)
 ParOldGen       total 209920K, used 12784K [0x00000005c6200000, 0x00000005d2f00000, 0x0000000717600000)
  object space 209920K, 6% used [0x00000005c6200000,0x00000005c6e7c238,0x00000005d2f00000)
 Metaspace       used 34663K, capacity 35308K, committed 35496K, reserved 1081344K
  class space    used 4110K, capacity 4270K, committed 4352K, reserved 1048576K
Event: 10.396 GC heap after
Heap after GC invocations=7 (full 2):
 PSYoungGen      total 204288K, used 0K [0x0000000717600000, 0x000000072a480000, 0x00000007c0000000)
  eden space 182784K, 0% used [0x0000000717600000,0x0000000717600000,0x0000000722880000)
  from space 21504K, 0% used [0x0000000722880000,0x0000000722880000,0x0000000723d80000)
  to   space 21504K, 0% used [0x0000000728f80000,0x0000000728f80000,0x000000072a480000)
 ParOldGen       total 316928K, used 16309K [0x00000005c6200000, 0x00000005d9780000, 0x0000000717600000)
  object space 316928K, 5% used [0x00000005c6200000,0x00000005c71ed5f0,0x00000005d9780000)
 Metaspace       used 34660K, capacity 35304K, committed 35496K, reserved 1081344K
  class space    used 4109K, capacity 4268K, committed 4352K, reserved 1048576K
}
Event: 1583.512 GC heap before
{Heap before GC invocations=8 (full 2):
 PSYoungGen      total 204288K, used 182784K [0x0000000717600000, 0x000000072a480000, 0x00000007c0000000)
  eden space 182784K, 100% used [0x0000000717600000,0x0000000722880000,0x0000000722880000)
  from space 21504K, 0% used [0x0000000722880000,0x0000000722880000,0x0000000723d80000)
  to   space 21504K, 0% used [0x0000000728f80000,0x0000000728f80000,0x000000072a480000)
 ParOldGen       total 316928K, used 16309K [0x00000005c6200000, 0x00000005d9780000, 0x0000000717600000)
  object space 316928K, 5% used [0x00000005c6200000,0x00000005c71ed5f0,0x00000005d9780000)
 Metaspace       used 35306K, capacity 35976K, committed 36264K, reserved 1081344K
  class space    used 4159K, capacity 4300K, committed 4352K, reserved 1048576K
Event: 1583.515 GC heap after
Heap after GC invocations=8 (full 2):
 PSYoungGen      total 181760K, used 1635K [0x0000000717600000, 0x0000000729180000, 0x00000007c0000000)
  eden space 179712K, 0% used [0x0000000717600000,0x0000000717600000,0x0000000722580000)
  from space 2048K, 79% used [0x0000000728f80000,0x0000000729118c30,0x0000000729180000)
  to   space 22528K, 0% used [0x0000000726580000,0x0000000726580000,0x0000000727b80000)
 ParOldGen       total 316928K, used 16317K [0x00000005c6200000, 0x00000005d9780000, 0x0000000717600000)
  object space 316928K, 5% used [0x00000005c6200000,0x00000005c71ef5f0,0x00000005d9780000)
 Metaspace       used 35306K, capacity 35976K, committed 36264K, reserved 1081344K
  class space    used 4159K, capacity 4300K, committed 4352K, reserved 1048576K
}

