# JRE version: Java(TM) SE Runtime Environment (7.0_51-b13) (build 1.7.0_51-b13)
# Java VM: Java HotSpot(TM) Client VM (24.51-b03 mixed mode windows-x86 )
Heap
 def new generation   total 31296K, used 13024K [0x046a0000, 0x06890000, 0x09bf0000)
  eden space 27840K,  34% used [0x046a0000, 0x04ff8278, 0x061d0000)
  from space 3456K, 100% used [0x06530000, 0x06890000, 0x06890000)
  to   space 3456K,   0% used [0x061d0000, 0x061d0000, 0x06530000)
 tenured generation   total 69400K, used 42453K [0x09bf0000, 0x0dfb6000, 0x146a0000)
   the space 69400K,  61% used [0x09bf0000, 0x0c5654e8, 0x0c565600, 0x0dfb6000)
 compacting perm gen  total 20480K, used 20354K [0x146a0000, 0x15aa0000, 0x186a0000)
   the space 20480K,  99% used [0x146a0000, 0x15a80878, 0x15a80a00, 0x15aa0000)
GC Heap History (10 events):
Event: 7.561 GC heap before
{Heap before GC invocations=23 (full 2):
 def new generation   total 18816K, used 17942K [0x046a0000, 0x05b00000, 0x09bf0000)
  eden space 16768K, 100% used [0x046a0000, 0x05700000, 0x05700000)
  from space 2048K,  57% used [0x05700000, 0x05825b48, 0x05900000)
  to   space 2048K,   0% used [0x05900000, 0x05900000, 0x05b00000)
 tenured generation   total 41640K, used 38038K [0x09bf0000, 0x0c49a000, 0x146a0000)
   the space 41640K,  91% used [0x09bf0000, 0x0c115a80, 0x0c115c00, 0x0c49a000)
 compacting perm gen  total 15104K, used 14887K [0x146a0000, 0x15560000, 0x186a0000)
   the space 15104K,  98% used [0x146a0000, 0x15529d60, 0x15529e00, 0x15560000)
No shared spaces configured.
Event: 7.565 GC heap after
Heap after GC invocations=24 (full 2):
 def new generation   total 18816K, used 373K [0x046a0000, 0x05b00000, 0x09bf0000)
  eden space 16768K,   0% used [0x046a0000, 0x046a0000, 0x05700000)
  from space 2048K,  18% used [0x05900000, 0x0595d738, 0x05b00000)
  to   space 2048K,   0% used [0x05700000, 0x05700000, 0x05900000)
 tenured generation   total 41640K, used 38482K [0x09bf0000, 0x0c49a000, 0x146a0000)
   the space 41640K,  92% used [0x09bf0000, 0x0c184b58, 0x0c184c00, 0x0c49a000)
 compacting perm gen  total 15104K, used 14887K [0x146a0000, 0x15560000, 0x186a0000)
   the space 15104K,  98% used [0x146a0000, 0x15529d60, 0x15529e00, 0x15560000)
No shared spaces configured.
}
Event: 11.966 GC heap before
{Heap before GC invocations=24 (full 2):
 def new generation   total 18816K, used 17141K [0x046a0000, 0x05b00000, 0x09bf0000)
  eden space 16768K, 100% used [0x046a0000, 0x05700000, 0x05700000)
  from space 2048K,  18% used [0x05900000, 0x0595d738, 0x05b00000)
  to   space 2048K,   0% used [0x05700000, 0x05700000, 0x05900000)
 tenured generation   total 41640K, used 38482K [0x09bf0000, 0x0c49a000, 0x146a0000)
   the space 41640K,  92% used [0x09bf0000, 0x0c184b58, 0x0c184c00, 0x0c49a000)
 compacting perm gen  total 15104K, used 14942K [0x146a0000, 0x15560000, 0x186a0000)
   the space 15104K,  98% used [0x146a0000, 0x15537a68, 0x15537c00, 0x15560000)
No shared spaces configured.
Event: 11.970 GC heap after
Heap after GC invocations=25 (full 2):
 def new generation   total 18816K, used 2048K [0x046a0000, 0x05b00000, 0x09bf0000)
  eden space 16768K,   0% used [0x046a0000, 0x046a0000, 0x05700000)
  from space 2048K, 100% used [0x05700000, 0x05900000, 0x05900000)
  to   space 2048K,   0% used [0x05900000, 0x05900000, 0x05b00000)
 tenured generation   total 41640K, used 38666K [0x09bf0000, 0x0c49a000, 0x146a0000)
   the space 41640K,  92% used [0x09bf0000, 0x0c1b2890, 0x0c1b2a00, 0x0c49a000)
 compacting perm gen  total 15104K, used 14942K [0x146a0000, 0x15560000, 0x186a0000)
   the space 15104K,  98% used [0x146a0000, 0x15537a68, 0x15537c00, 0x15560000)
No shared spaces configured.
}
Event: 14.471 GC heap before
{Heap before GC invocations=25 (full 2):
 def new generation   total 18816K, used 18816K [0x046a0000, 0x05b00000, 0x09bf0000)
  eden space 16768K, 100% used [0x046a0000, 0x05700000, 0x05700000)
  from space 2048K, 100% used [0x05700000, 0x05900000, 0x05900000)
  to   space 2048K,   0% used [0x05900000, 0x05900000, 0x05b00000)
 tenured generation   total 41640K, used 38666K [0x09bf0000, 0x0c49a000, 0x146a0000)
   the space 41640K,  92% used [0x09bf0000, 0x0c1b2890, 0x0c1b2a00, 0x0c49a000)
 compacting perm gen  total 16640K, used 16497K [0x146a0000, 0x156e0000, 0x186a0000)
   the space 16640K,  99% used [0x146a0000, 0x156bc6e0, 0x156bc800, 0x156e0000)
No shared spaces configured.
Event: 14.478 GC heap after
Heap after GC invocations=26 (full 2):
 def new generation   total 18816K, used 2047K [0x046a0000, 0x05b00000, 0x09bf0000)
  eden space 16768K,   0% used [0x046a0000, 0x046a0000, 0x05700000)
  from space 2048K,  99% used [0x05900000, 0x05affff8, 0x05b00000)
  to   space 2048K,   0% used [0x05700000, 0x05700000, 0x05900000)
 tenured generation   total 41640K, used 40470K [0x09bf0000, 0x0c49a000, 0x146a0000)
   the space 41640K,  97% used [0x09bf0000, 0x0c375898, 0x0c375a00, 0x0c49a000)
 compacting perm gen  total 16640K, used 16497K [0x146a0000, 0x156e0000, 0x186a0000)
   the space 16640K,  99% used [0x146a0000, 0x156bc6e0, 0x156bc800, 0x156e0000)
No shared spaces configured.
}
Event: 18.425 GC heap before
{Heap before GC invocations=26 (full 2):
 def new generation   total 18816K, used 16633K [0x046a0000, 0x05b00000, 0x09bf0000)
  eden space 16768K,  86% used [0x046a0000, 0x054de478, 0x05700000)
  from space 2048K,  99% used [0x05900000, 0x05affff8, 0x05b00000)
  to   space 2048K,   0% used [0x05700000, 0x05700000, 0x05900000)
 tenured generation   total 41640K, used 40470K [0x09bf0000, 0x0c49a000, 0x146a0000)
   the space 41640K,  97% used [0x09bf0000, 0x0c375898, 0x0c375a00, 0x0c49a000)
 compacting perm gen  total 16896K, used 16895K [0x146a0000, 0x15720000, 0x186a0000)
   the space 16896K,  99% used [0x146a0000, 0x1571ffe8, 0x15720000, 0x15720000)
No shared spaces configured.
Event: 18.468 GC heap after
Heap after GC invocations=27 (full 3):
 def new generation   total 31296K, used 626K [0x046a0000, 0x06890000, 0x09bf0000)
  eden space 27840K,   2% used [0x046a0000, 0x0473ca28, 0x061d0000)
  from space 3456K,   0% used [0x061d0000, 0x061d0000, 0x06530000)
  to   space 3456K,   0% used [0x06530000, 0x06530000, 0x06890000)
 tenured generation   total 69400K, used 41639K [0x09bf0000, 0x0dfb6000, 0x146a0000)
   the space 69400K,  59% used [0x09bf0000, 0x0c499fe8, 0x0c49a000, 0x0dfb6000)
 compacting perm gen  total 16896K, used 16895K [0x146a0000, 0x15720000, 0x186a0000)
   the space 16896K,  99% used [0x146a0000, 0x1571ffe8, 0x15720000, 0x15720000)
No shared spaces configured.
}
Event: 47.234 GC heap before
{Heap before GC invocations=27 (full 3):
 def new generation   total 31296K, used 27840K [0x046a0000, 0x06890000, 0x09bf0000)
  eden space 27840K, 100% used [0x046a0000, 0x061d0000, 0x061d0000)
  from space 3456K,   0% used [0x061d0000, 0x061d0000, 0x06530000)
  to   space 3456K,   0% used [0x06530000, 0x06530000, 0x06890000)
 tenured generation   total 69400K, used 41639K [0x09bf0000, 0x0dfb6000, 0x146a0000)
   the space 69400K,  59% used [0x09bf0000, 0x0c499fe8, 0x0c49a000, 0x0dfb6000)
 compacting perm gen  total 20224K, used 20067K [0x146a0000, 0x15a60000, 0x186a0000)
   the space 20224K,  99% used [0x146a0000, 0x15a38e60, 0x15a39000, 0x15a60000)
No shared spaces configured.
Event: 47.253 GC heap after
Heap after GC invocations=28 (full 3):
 def new generation   total 31296K, used 3456K [0x046a0000, 0x06890000, 0x09bf0000)
  eden space 27840K,   0% used [0x046a0000, 0x046a0000, 0x061d0000)
  from space 3456K, 100% used [0x06530000, 0x06890000, 0x06890000)
  to   space 3456K,   0% used [0x061d0000, 0x061d0000, 0x06530000)
 tenured generation   total 69400K, used 42453K [0x09bf0000, 0x0dfb6000, 0x146a0000)
   the space 69400K,  61% used [0x09bf0000, 0x0c5654e8, 0x0c565600, 0x0dfb6000)
 compacting perm gen  total 20224K, used 20067K [0x146a0000, 0x15a60000, 0x186a0000)
   the space 20224K,  99% used [0x146a0000, 0x15a38e60, 0x15a39000, 0x15a60000)
No shared spaces configured.
}

