# JRE version: Java(TM) SE Runtime Environment (8.0_31-b13) (build 1.8.0_31-b13)
# Java VM: Java HotSpot(TM) 64-Bit Server VM (25.31-b07 mixed mode windows-amd64 compressed oops)
Heap:
 PSYoungGen      total 225280K, used 34039K [0x000000076b200000, 0x000000077a980000, 0x00000007c0000000)
  eden space 203264K, 7% used [0x000000076b200000,0x000000076c0bd4c0,0x0000000777880000)
  from space 22016K, 86% used [0x0000000779400000,0x000000077a680b30,0x000000077a980000)
  to   space 25088K, 0% used [0x0000000777880000,0x0000000777880000,0x0000000779100000)
 ParOldGen       total 163328K, used 14325K [0x00000006c1600000, 0x00000006cb580000, 0x000000076b200000)
  object space 163328K, 8% used [0x00000006c1600000,0x00000006c23fd4c0,0x00000006cb580000)
 Metaspace       used 40687K, capacity 41040K, committed 41640K, reserved 1085440K
  class space    used 5082K, capacity 5170K, committed 5288K, reserved 1048576K
GC Heap History (10 events):
Event: 4.475 GC heap before
{Heap before GC invocations=6 (full 1):
 PSYoungGen      total 104960K, used 25600K [0x000000076b200000, 0x0000000772b00000, 0x00000007c0000000)
  eden space 94208K, 15% used [0x000000076b200000,0x000000076c087498,0x0000000770e00000)
  from space 10752K, 99% used [0x0000000771880000,0x00000007722f8ba0,0x0000000772300000)
  to   space 10752K, 0% used [0x0000000770e00000,0x0000000770e00000,0x0000000771880000)
 ParOldGen       total 109056K, used 16013K [0x00000006c1600000, 0x00000006c8080000, 0x000000076b200000)
  object space 109056K, 14% used [0x00000006c1600000,0x00000006c25a36b8,0x00000006c8080000)
 Metaspace       used 34963K, capacity 35202K, committed 35496K, reserved 1081344K
  class space    used 4398K, capacity 4490K, committed 4520K, reserved 1048576K
Event: 4.501 GC heap after
Heap after GC invocations=6 (full 1):
 PSYoungGen      total 104960K, used 9737K [0x000000076b200000, 0x0000000776b00000, 0x00000007c0000000)
  eden space 94208K, 0% used [0x000000076b200000,0x000000076b200000,0x0000000770e00000)
  from space 10752K, 90% used [0x0000000770e00000,0x0000000771782650,0x0000000771880000)
  to   space 17920K, 0% used [0x0000000775980000,0x0000000775980000,0x0000000776b00000)
 ParOldGen       total 109056K, used 16021K [0x00000006c1600000, 0x00000006c8080000, 0x000000076b200000)
  object space 109056K, 14% used [0x00000006c1600000,0x00000006c25a56b8,0x00000006c8080000)
 Metaspace       used 34963K, capacity 35202K, committed 35496K, reserved 1081344K
  class space    used 4398K, capacity 4490K, committed 4520K, reserved 1048576K
}
Event: 4.501 GC heap before
{Heap before GC invocations=7 (full 2):
 PSYoungGen      total 104960K, used 9737K [0x000000076b200000, 0x0000000776b00000, 0x00000007c0000000)
  eden space 94208K, 0% used [0x000000076b200000,0x000000076b200000,0x0000000770e00000)
  from space 10752K, 90% used [0x0000000770e00000,0x0000000771782650,0x0000000771880000)
  to   space 17920K, 0% used [0x0000000775980000,0x0000000775980000,0x0000000776b00000)
 ParOldGen       total 109056K, used 16021K [0x00000006c1600000, 0x00000006c8080000, 0x000000076b200000)
  object space 109056K, 14% used [0x00000006c1600000,0x00000006c25a56b8,0x00000006c8080000)
 Metaspace       used 34963K, capacity 35202K, committed 35496K, reserved 1081344K
  class space    used 4398K, capacity 4490K, committed 4520K, reserved 1048576K
Event: 4.559 GC heap after
Heap after GC invocations=7 (full 2):
 PSYoungGen      total 104960K, used 0K [0x000000076b200000, 0x0000000776b00000, 0x00000007c0000000)
  eden space 94208K, 0% used [0x000000076b200000,0x000000076b200000,0x0000000770e00000)
  from space 10752K, 0% used [0x0000000770e00000,0x0000000770e00000,0x0000000771880000)
  to   space 17920K, 0% used [0x0000000775980000,0x0000000775980000,0x0000000776b00000)
 ParOldGen       total 163328K, used 13891K [0x00000006c1600000, 0x00000006cb580000, 0x000000076b200000)
  object space 163328K, 8% used [0x00000006c1600000,0x00000006c2390cd0,0x00000006cb580000)
 Metaspace       used 34963K, capacity 35202K, committed 35496K, reserved 1081344K
  class space    used 4398K, capacity 4490K, committed 4520K, reserved 1048576K
}
Event: 213.144 GC heap before
{Heap before GC invocations=8 (full 2):
 PSYoungGen      total 104960K, used 94208K [0x000000076b200000, 0x0000000776b00000, 0x00000007c0000000)
  eden space 94208K, 100% used [0x000000076b200000,0x0000000770e00000,0x0000000770e00000)
  from space 10752K, 0% used [0x0000000770e00000,0x0000000770e00000,0x0000000771880000)
  to   space 17920K, 0% used [0x0000000775980000,0x0000000775980000,0x0000000776b00000)
 ParOldGen       total 163328K, used 13891K [0x00000006c1600000, 0x00000006cb580000, 0x000000076b200000)
  object space 163328K, 8% used [0x00000006c1600000,0x00000006c2390cd0,0x00000006cb580000)
 Metaspace       used 38745K, capacity 38978K, committed 39336K, reserved 1083392K
  class space    used 4892K, capacity 4977K, committed 5032K, reserved 1048576K
Event: 213.152 GC heap after
Heap after GC invocations=8 (full 2):
 PSYoungGen      total 161280K, used 17909K [0x000000076b200000, 0x0000000776b00000, 0x00000007c0000000)
  eden space 143360K, 0% used [0x000000076b200000,0x000000076b200000,0x0000000773e00000)
  from space 17920K, 99% used [0x0000000775980000,0x0000000776afd568,0x0000000776b00000)
  to   space 20992K, 0% used [0x0000000774200000,0x0000000774200000,0x0000000775680000)
 ParOldGen       total 163328K, used 14317K [0x00000006c1600000, 0x00000006cb580000, 0x000000076b200000)
  object space 163328K, 8% used [0x00000006c1600000,0x00000006c23fb4c0,0x00000006cb580000)
 Metaspace       used 38745K, capacity 38978K, committed 39336K, reserved 1083392K
  class space    used 4892K, capacity 4977K, committed 5032K, reserved 1048576K
}
Event: 345.079 GC heap before
{Heap before GC invocations=9 (full 2):
 PSYoungGen      total 161280K, used 161269K [0x000000076b200000, 0x0000000776b00000, 0x00000007c0000000)
  eden space 143360K, 100% used [0x000000076b200000,0x0000000773e00000,0x0000000773e00000)
  from space 17920K, 99% used [0x0000000775980000,0x0000000776afd568,0x0000000776b00000)
  to   space 20992K, 0% used [0x0000000774200000,0x0000000774200000,0x0000000775680000)
 ParOldGen       total 163328K, used 14317K [0x00000006c1600000, 0x00000006cb580000, 0x000000076b200000)
  object space 163328K, 8% used [0x00000006c1600000,0x00000006c23fb4c0,0x00000006cb580000)
 Metaspace       used 40335K, capacity 40682K, committed 41000K, reserved 1085440K
  class space    used 5045K, capacity 5137K, committed 5160K, reserved 1048576K
Event: 345.107 GC heap after
Heap after GC invocations=9 (full 2):
 PSYoungGen      total 168448K, used 20288K [0x000000076b200000, 0x000000077ab00000, 0x00000007c0000000)
  eden space 147456K, 0% used [0x000000076b200000,0x000000076b200000,0x0000000774200000)
  from space 20992K, 96% used [0x0000000774200000,0x00000007755d0228,0x0000000775680000)
  to   space 23552K, 0% used [0x0000000779400000,0x0000000779400000,0x000000077ab00000)
 ParOldGen       total 163328K, used 14325K [0x00000006c1600000, 0x00000006cb580000, 0x000000076b200000)
  object space 163328K, 8% used [0x00000006c1600000,0x00000006c23fd4c0,0x00000006cb580000)
 Metaspace       used 40335K, capacity 40682K, committed 41000K, reserved 1085440K
  class space    used 5045K, capacity 5137K, committed 5160K, reserved 1048576K
}
Event: 467.586 GC heap before
{Heap before GC invocations=10 (full 2):
 PSYoungGen      total 168448K, used 167744K [0x000000076b200000, 0x000000077ab00000, 0x00000007c0000000)
  eden space 147456K, 100% used [0x000000076b200000,0x0000000774200000,0x0000000774200000)
  from space 20992K, 96% used [0x0000000774200000,0x00000007755d0228,0x0000000775680000)
  to   space 23552K, 0% used [0x0000000779400000,0x0000000779400000,0x000000077ab00000)
 ParOldGen       total 163328K, used 14325K [0x00000006c1600000, 0x00000006cb580000, 0x000000076b200000)
  object space 163328K, 8% used [0x00000006c1600000,0x00000006c23fd4c0,0x00000006cb580000)
 Metaspace       used 40443K, capacity 40746K, committed 41256K, reserved 1085440K
  class space    used 5046K, capacity 5137K, committed 5160K, reserved 1048576K
Event: 467.611 GC heap after
Heap after GC invocations=10 (full 2):
 PSYoungGen      total 225280K, used 18946K [0x000000076b200000, 0x000000077a980000, 0x00000007c0000000)
  eden space 203264K, 0% used [0x000000076b200000,0x000000076b200000,0x0000000777880000)
  from space 22016K, 86% used [0x0000000779400000,0x000000077a680b30,0x000000077a980000)
  to   space 25088K, 0% used [0x0000000777880000,0x0000000777880000,0x0000000779100000)
 ParOldGen       total 163328K, used 14325K [0x00000006c1600000, 0x00000006cb580000, 0x000000076b200000)
  object space 163328K, 8% used [0x00000006c1600000,0x00000006c23fd4c0,0x00000006cb580000)
 Metaspace       used 40443K, capacity 40746K, committed 41256K, reserved 1085440K
  class space    used 5046K, capacity 5137K, committed 5160K, reserved 1048576K
}

