# JRE version: Java(TM) SE Runtime Environment (8.0_31-b13) (build 1.8.0_31-b13)
# Java VM: Java HotSpot(TM) 64-Bit Server VM (25.31-b07 mixed mode windows-amd64 compressed oops)
Heap:
 PSYoungGen      total 166400K, used 58340K [0x0000000717600000, 0x0000000767780000, 0x00000007c0000000)
  eden space 165376K, 34% used [0x0000000717600000,0x000000071ae69048,0x0000000721780000)
  from space 1024K, 56% used [0x0000000767580000,0x0000000767610000,0x0000000767680000)
  to   space 1024K, 0% used [0x0000000767680000,0x0000000767680000,0x0000000767780000)
 ParOldGen       total 276480K, used 17759K [0x00000005c6200000, 0x00000005d7000000, 0x0000000717600000)
  object space 276480K, 6% used [0x00000005c6200000,0x00000005c7357c90,0x00000005d7000000)
 Metaspace       used 39886K, capacity 40676K, committed 40872K, reserved 1085440K
  class space    used 4793K, capacity 4964K, committed 5032K, reserved 1048576K
GC Heap History (10 events):
Event: 126.092 GC heap before
{Heap before GC invocations=119 (full 2):
 PSYoungGen      total 166400K, used 166400K [0x0000000717600000, 0x0000000767800000, 0x00000007c0000000)
  eden space 165888K, 100% used [0x0000000717600000,0x0000000721800000,0x0000000721800000)
  from space 512K, 100% used [0x0000000767780000,0x0000000767800000,0x0000000767800000)
  to   space 1024K, 0% used [0x0000000767600000,0x0000000767600000,0x0000000767700000)
 ParOldGen       total 276480K, used 17751K [0x00000005c6200000, 0x00000005d7000000, 0x0000000717600000)
  object space 276480K, 6% used [0x00000005c6200000,0x00000005c7355c90,0x00000005d7000000)
 Metaspace       used 39547K, capacity 40314K, committed 40616K, reserved 1085440K
  class space    used 4747K, capacity 4929K, committed 5032K, reserved 1048576K
Event: 126.094 GC heap after
Heap after GC invocations=119 (full 2):
 PSYoungGen      total 179200K, used 512K [0x0000000717600000, 0x0000000767800000, 0x00000007c0000000)
  eden space 178176K, 0% used [0x0000000717600000,0x0000000717600000,0x0000000722400000)
  from space 1024K, 50% used [0x0000000767600000,0x0000000767680000,0x0000000767700000)
  to   space 1024K, 0% used [0x0000000767700000,0x0000000767700000,0x0000000767800000)
 ParOldGen       total 276480K, used 17751K [0x00000005c6200000, 0x00000005d7000000, 0x0000000717600000)
  object space 276480K, 6% used [0x00000005c6200000,0x00000005c7355c90,0x00000005d7000000)
 Metaspace       used 39547K, capacity 40314K, committed 40616K, reserved 1085440K
  class space    used 4747K, capacity 4929K, committed 5032K, reserved 1048576K
}
Event: 126.490 GC heap before
{Heap before GC invocations=120 (full 2):
 PSYoungGen      total 179200K, used 178688K [0x0000000717600000, 0x0000000767800000, 0x00000007c0000000)
  eden space 178176K, 100% used [0x0000000717600000,0x0000000722400000,0x0000000722400000)
  from space 1024K, 50% used [0x0000000767600000,0x0000000767680000,0x0000000767700000)
  to   space 1024K, 0% used [0x0000000767700000,0x0000000767700000,0x0000000767800000)
 ParOldGen       total 276480K, used 17751K [0x00000005c6200000, 0x00000005d7000000, 0x0000000717600000)
  object space 276480K, 6% used [0x00000005c6200000,0x00000005c7355c90,0x00000005d7000000)
 Metaspace       used 39547K, capacity 40314K, committed 40616K, reserved 1085440K
  class space    used 4747K, capacity 4929K, committed 5032K, reserved 1048576K
Event: 126.493 GC heap after
Heap after GC invocations=120 (full 2):
 PSYoungGen      total 175616K, used 544K [0x0000000717600000, 0x0000000767800000, 0x00000007c0000000)
  eden space 174592K, 0% used [0x0000000717600000,0x0000000717600000,0x0000000722080000)
  from space 1024K, 53% used [0x0000000767700000,0x0000000767788000,0x0000000767800000)
  to   space 1024K, 0% used [0x0000000767600000,0x0000000767600000,0x0000000767700000)
 ParOldGen       total 276480K, used 17751K [0x00000005c6200000, 0x00000005d7000000, 0x0000000717600000)
  object space 276480K, 6% used [0x00000005c6200000,0x00000005c7355c90,0x00000005d7000000)
 Metaspace       used 39547K, capacity 40314K, committed 40616K, reserved 1085440K
  class space    used 4747K, capacity 4929K, committed 5032K, reserved 1048576K
}
Event: 126.934 GC heap before
{Heap before GC invocations=121 (full 2):
 PSYoungGen      total 175616K, used 175136K [0x0000000717600000, 0x0000000767800000, 0x00000007c0000000)
  eden space 174592K, 100% used [0x0000000717600000,0x0000000722080000,0x0000000722080000)
  from space 1024K, 53% used [0x0000000767700000,0x0000000767788000,0x0000000767800000)
  to   space 1024K, 0% used [0x0000000767600000,0x0000000767600000,0x0000000767700000)
 ParOldGen       total 276480K, used 17751K [0x00000005c6200000, 0x00000005d7000000, 0x0000000717600000)
  object space 276480K, 6% used [0x00000005c6200000,0x00000005c7355c90,0x00000005d7000000)
 Metaspace       used 39547K, capacity 40314K, committed 40616K, reserved 1085440K
  class space    used 4747K, capacity 4929K, committed 5032K, reserved 1048576K
Event: 126.936 GC heap after
Heap after GC invocations=121 (full 2):
 PSYoungGen      total 172544K, used 576K [0x0000000717600000, 0x0000000767780000, 0x00000007c0000000)
  eden space 171520K, 0% used [0x0000000717600000,0x0000000717600000,0x0000000721d80000)
  from space 1024K, 56% used [0x0000000767600000,0x0000000767690000,0x0000000767700000)
  to   space 512K, 0% used [0x0000000767700000,0x0000000767700000,0x0000000767780000)
 ParOldGen       total 276480K, used 17751K [0x00000005c6200000, 0x00000005d7000000, 0x0000000717600000)
  object space 276480K, 6% used [0x00000005c6200000,0x00000005c7355c90,0x00000005d7000000)
 Metaspace       used 39547K, capacity 40314K, committed 40616K, reserved 1085440K
  class space    used 4747K, capacity 4929K, committed 5032K, reserved 1048576K
}
Event: 127.418 GC heap before
{Heap before GC invocations=122 (full 2):
 PSYoungGen      total 172544K, used 172096K [0x0000000717600000, 0x0000000767780000, 0x00000007c0000000)
  eden space 171520K, 100% used [0x0000000717600000,0x0000000721d80000,0x0000000721d80000)
  from space 1024K, 56% used [0x0000000767600000,0x0000000767690000,0x0000000767700000)
  to   space 512K, 0% used [0x0000000767700000,0x0000000767700000,0x0000000767780000)
 ParOldGen       total 276480K, used 17751K [0x00000005c6200000, 0x00000005d7000000, 0x0000000717600000)
  object space 276480K, 6% used [0x00000005c6200000,0x00000005c7355c90,0x00000005d7000000)
 Metaspace       used 39547K, capacity 40314K, committed 40616K, reserved 1085440K
  class space    used 4747K, capacity 4929K, committed 5032K, reserved 1048576K
Event: 127.419 GC heap after
Heap after GC invocations=122 (full 2):
 PSYoungGen      total 168960K, used 512K [0x0000000717600000, 0x0000000767780000, 0x00000007c0000000)
  eden space 168448K, 0% used [0x0000000717600000,0x0000000717600000,0x0000000721a80000)
  from space 512K, 100% used [0x0000000767700000,0x0000000767780000,0x0000000767780000)
  to   space 1024K, 0% used [0x0000000767580000,0x0000000767580000,0x0000000767680000)
 ParOldGen       total 276480K, used 17759K [0x00000005c6200000, 0x00000005d7000000, 0x0000000717600000)
  object space 276480K, 6% used [0x00000005c6200000,0x00000005c7357c90,0x00000005d7000000)
 Metaspace       used 39547K, capacity 40314K, committed 40616K, reserved 1085440K
  class space    used 4747K, capacity 4929K, committed 5032K, reserved 1048576K
}
Event: 127.822 GC heap before
{Heap before GC invocations=123 (full 2):
 PSYoungGen      total 168960K, used 168960K [0x0000000717600000, 0x0000000767780000, 0x00000007c0000000)
  eden space 168448K, 100% used [0x0000000717600000,0x0000000721a80000,0x0000000721a80000)
  from space 512K, 100% used [0x0000000767700000,0x0000000767780000,0x0000000767780000)
  to   space 1024K, 0% used [0x0000000767580000,0x0000000767580000,0x0000000767680000)
 ParOldGen       total 276480K, used 17759K [0x00000005c6200000, 0x00000005d7000000, 0x0000000717600000)
  object space 276480K, 6% used [0x00000005c6200000,0x00000005c7357c90,0x00000005d7000000)
 Metaspace       used 39547K, capacity 40314K, committed 40616K, reserved 1085440K
  class space    used 4747K, capacity 4929K, committed 5032K, reserved 1048576K
Event: 127.825 GC heap after
Heap after GC invocations=123 (full 2):
 PSYoungGen      total 166400K, used 576K [0x0000000717600000, 0x0000000767780000, 0x00000007c0000000)
  eden space 165376K, 0% used [0x0000000717600000,0x0000000717600000,0x0000000721780000)
  from space 1024K, 56% used [0x0000000767580000,0x0000000767610000,0x0000000767680000)
  to   space 1024K, 0% used [0x0000000767680000,0x0000000767680000,0x0000000767780000)
 ParOldGen       total 276480K, used 17759K [0x00000005c6200000, 0x00000005d7000000, 0x0000000717600000)
  object space 276480K, 6% used [0x00000005c6200000,0x00000005c7357c90,0x00000005d7000000)
 Metaspace       used 39547K, capacity 40314K, committed 40616K, reserved 1085440K
  class space    used 4747K, capacity 4929K, committed 5032K, reserved 1048576K
}

