# JRE version: 7.0_13-b20
# Java VM: Java HotSpot(TM) 64-Bit Server VM (23.7-b01 mixed mode windows-amd64 compressed oops)
Heap
 PSYoungGen      total 36992K, used 7611K [0x00000007d5d60000, 0x00000007da1f0000, 0x0000000800000000)
  eden space 31616K, 7% used [0x00000007d5d60000,0x00000007d5f912c0,0x00000007d7c40000)
  from space 5376K, 99% used [0x00000007d7d00000,0x00000007d823dbf0,0x00000007d8240000)
  to   space 11456K, 0% used [0x00000007d96c0000,0x00000007d96c0000,0x00000007da1f0000)
 ParOldGen       total 86336K, used 9910K [0x0000000781800000, 0x0000000786c50000, 0x00000007d5d60000)
  object space 86336K, 11% used [0x0000000781800000,0x00000007821adb40,0x0000000786c50000)
 PSPermGen       total 26816K, used 26685K [0x000000077c600000, 0x000000077e030000, 0x0000000781800000)
  object space 26816K, 99% used [0x000000077c600000,0x000000077e00f728,0x000000077e030000)
GC Heap History (10 events):
Event: 3.053 GC heap before
{Heap before GC invocations=1 (full 0):
 PSYoungGen      total 37760K, used 32384K [0x00000007d5d60000, 0x00000007d8780000, 0x0000000800000000)
  eden space 32384K, 100% used [0x00000007d5d60000,0x00000007d7d00000,0x00000007d7d00000)
  from space 5376K, 0% used [0x00000007d8240000,0x00000007d8240000,0x00000007d8780000)
  to   space 5376K, 0% used [0x00000007d7d00000,0x00000007d7d00000,0x00000007d8240000)
 ParOldGen       total 86336K, used 0K [0x0000000781800000, 0x0000000786c50000, 0x00000007d5d60000)
  object space 86336K, 0% used [0x0000000781800000,0x0000000781800000,0x0000000786c50000)
 PSPermGen       total 21248K, used 13641K [0x000000077c600000, 0x000000077dac0000, 0x0000000781800000)
  object space 21248K, 64% used [0x000000077c600000,0x000000077d3526e8,0x000000077dac0000)
Event: 3.061 GC heap after
Heap after GC invocations=1 (full 0):
 PSYoungGen      total 37760K, used 4776K [0x00000007d5d60000, 0x00000007d8780000, 0x0000000800000000)
  eden space 32384K, 0% used [0x00000007d5d60000,0x00000007d5d60000,0x00000007d7d00000)
  from space 5376K, 88% used [0x00000007d7d00000,0x00000007d81aa2b0,0x00000007d8240000)
  to   space 5376K, 0% used [0x00000007d8240000,0x00000007d8240000,0x00000007d8780000)
 ParOldGen       total 86336K, used 72K [0x0000000781800000, 0x0000000786c50000, 0x00000007d5d60000)
  object space 86336K, 0% used [0x0000000781800000,0x0000000781812010,0x0000000786c50000)
 PSPermGen       total 21248K, used 13641K [0x000000077c600000, 0x000000077dac0000, 0x0000000781800000)
  object space 21248K, 64% used [0x000000077c600000,0x000000077d3526e8,0x000000077dac0000)
}
Event: 3.670 GC heap before
{Heap before GC invocations=2 (full 0):
 PSYoungGen      total 37760K, used 37160K [0x00000007d5d60000, 0x00000007d8780000, 0x0000000800000000)
  eden space 32384K, 100% used [0x00000007d5d60000,0x00000007d7d00000,0x00000007d7d00000)
  from space 5376K, 88% used [0x00000007d7d00000,0x00000007d81aa2b0,0x00000007d8240000)
  to   space 5376K, 0% used [0x00000007d8240000,0x00000007d8240000,0x00000007d8780000)
 ParOldGen       total 86336K, used 72K [0x0000000781800000, 0x0000000786c50000, 0x00000007d5d60000)
  object space 86336K, 0% used [0x0000000781800000,0x0000000781812010,0x0000000786c50000)
 PSPermGen       total 21248K, used 16227K [0x000000077c600000, 0x000000077dac0000, 0x0000000781800000)
  object space 21248K, 76% used [0x000000077c600000,0x000000077d5d8fd8,0x000000077dac0000)
Event: 3.678 GC heap after
Heap after GC invocations=2 (full 0):
 PSYoungGen      total 37760K, used 5346K [0x00000007d5d60000, 0x00000007d8780000, 0x0000000800000000)
  eden space 32384K, 0% used [0x00000007d5d60000,0x00000007d5d60000,0x00000007d7d00000)
  from space 5376K, 99% used [0x00000007d8240000,0x00000007d87789f8,0x00000007d8780000)
  to   space 5376K, 0% used [0x00000007d7d00000,0x00000007d7d00000,0x00000007d8240000)
 ParOldGen       total 86336K, used 1526K [0x0000000781800000, 0x0000000786c50000, 0x00000007d5d60000)
  object space 86336K, 1% used [0x0000000781800000,0x000000078197d988,0x0000000786c50000)
 PSPermGen       total 21248K, used 16227K [0x000000077c600000, 0x000000077dac0000, 0x0000000781800000)
  object space 21248K, 76% used [0x000000077c600000,0x000000077d5d8fd8,0x000000077dac0000)
}
Event: 4.580 GC heap before
{Heap before GC invocations=3 (full 0):
 PSYoungGen      total 37760K, used 37730K [0x00000007d5d60000, 0x00000007d8780000, 0x0000000800000000)
  eden space 32384K, 100% used [0x00000007d5d60000,0x00000007d7d00000,0x00000007d7d00000)
  from space 5376K, 99% used [0x00000007d8240000,0x00000007d87789f8,0x00000007d8780000)
  to   space 5376K, 0% used [0x00000007d7d00000,0x00000007d7d00000,0x00000007d8240000)
 ParOldGen       total 86336K, used 1526K [0x0000000781800000, 0x0000000786c50000, 0x00000007d5d60000)
  object space 86336K, 1% used [0x0000000781800000,0x000000078197d988,0x0000000786c50000)
 PSPermGen       total 21824K, used 21821K [0x000000077c600000, 0x000000077db50000, 0x0000000781800000)
  object space 21824K, 99% used [0x000000077c600000,0x000000077db4f718,0x000000077db50000)
Event: 4.594 GC heap after
Heap after GC invocations=3 (full 0):
 PSYoungGen      total 37760K, used 5350K [0x00000007d5d60000, 0x00000007da720000, 0x0000000800000000)
  eden space 32384K, 0% used [0x00000007d5d60000,0x00000007d5d60000,0x00000007d7d00000)
  from space 5376K, 99% used [0x00000007d7d00000,0x00000007d8239bc0,0x00000007d8240000)
  to   space 5376K, 0% used [0x00000007da1e0000,0x00000007da1e0000,0x00000007da720000)
 ParOldGen       total 86336K, used 5870K [0x0000000781800000, 0x0000000786c50000, 0x00000007d5d60000)
  object space 86336K, 6% used [0x0000000781800000,0x0000000781dbbb08,0x0000000786c50000)
 PSPermGen       total 21824K, used 21821K [0x000000077c600000, 0x000000077db50000, 0x0000000781800000)
  object space 21824K, 99% used [0x000000077c600000,0x000000077db4f718,0x000000077db50000)
}
Event: 11.759 GC heap before
{Heap before GC invocations=4 (full 0):
 PSYoungGen      total 37760K, used 37731K [0x00000007d5d60000, 0x00000007da720000, 0x0000000800000000)
  eden space 32384K, 99% used [0x00000007d5d60000,0x00000007d7cff3e0,0x00000007d7d00000)
  from space 5376K, 99% used [0x00000007d7d00000,0x00000007d8239bc0,0x00000007d8240000)
  to   space 5376K, 0% used [0x00000007da1e0000,0x00000007da1e0000,0x00000007da720000)
 ParOldGen       total 86336K, used 5870K [0x0000000781800000, 0x0000000786c50000, 0x00000007d5d60000)
  object space 86336K, 6% used [0x0000000781800000,0x0000000781dbbb08,0x0000000786c50000)
 PSPermGen       total 26624K, used 26436K [0x000000077c600000, 0x000000077e000000, 0x0000000781800000)
  object space 26624K, 99% used [0x000000077c600000,0x000000077dfd1298,0x000000077e000000)
Event: 11.781 GC heap after
Heap after GC invocations=4 (full 0):
 PSYoungGen      total 37760K, used 5366K [0x00000007d5d60000, 0x00000007da720000, 0x0000000800000000)
  eden space 32384K, 0% used [0x00000007d5d60000,0x00000007d5d60000,0x00000007d7d00000)
  from space 5376K, 99% used [0x00000007da1e0000,0x00000007da71dbd0,0x00000007da720000)
  to   space 5376K, 0% used [0x00000007d7d00000,0x00000007d7d00000,0x00000007d8240000)
 ParOldGen       total 86336K, used 9820K [0x0000000781800000, 0x0000000786c50000, 0x00000007d5d60000)
  object space 86336K, 11% used [0x0000000781800000,0x0000000782197060,0x0000000786c50000)
 PSPermGen       total 26624K, used 26436K [0x000000077c600000, 0x000000077e000000, 0x0000000781800000)
  object space 26624K, 99% used [0x000000077c600000,0x000000077dfd1298,0x000000077e000000)
}
Event: 54.801 GC heap before
{Heap before GC invocations=5 (full 0):
 PSYoungGen      total 37760K, used 37750K [0x00000007d5d60000, 0x00000007da720000, 0x0000000800000000)
  eden space 32384K, 100% used [0x00000007d5d60000,0x00000007d7d00000,0x00000007d7d00000)
  from space 5376K, 99% used [0x00000007da1e0000,0x00000007da71dbd0,0x00000007da720000)
  to   space 5376K, 0% used [0x00000007d7d00000,0x00000007d7d00000,0x00000007d8240000)
 ParOldGen       total 86336K, used 9820K [0x0000000781800000, 0x0000000786c50000, 0x00000007d5d60000)
  object space 86336K, 11% used [0x0000000781800000,0x0000000782197060,0x0000000786c50000)
 PSPermGen       total 26624K, used 26609K [0x000000077c600000, 0x000000077e000000, 0x0000000781800000)
  object space 26624K, 99% used [0x000000077c600000,0x000000077dffc5d0,0x000000077e000000)
Event: 54.812 GC heap after
Heap after GC invocations=5 (full 0):
 PSYoungGen      total 36992K, used 5366K [0x00000007d5d60000, 0x00000007da1f0000, 0x0000000800000000)
  eden space 31616K, 0% used [0x00000007d5d60000,0x00000007d5d60000,0x00000007d7c40000)
  from space 5376K, 99% used [0x00000007d7d00000,0x00000007d823dbf0,0x00000007d8240000)
  to   space 11456K, 0% used [0x00000007d96c0000,0x00000007d96c0000,0x00000007da1f0000)
 ParOldGen       total 86336K, used 9910K [0x0000000781800000, 0x0000000786c50000, 0x00000007d5d60000)
  object space 86336K, 11% used [0x0000000781800000,0x00000007821adb40,0x0000000786c50000)
 PSPermGen       total 26624K, used 26609K [0x000000077c600000, 0x000000077e000000, 0x0000000781800000)
  object space 26624K, 99% used [0x000000077c600000,0x000000077dffc5d0,0x000000077e000000)
}

