# JRE version: Java(TM) SE Runtime Environment (8.0_31-b13) (build 1.8.0_31-b13)
# Java VM: Java HotSpot(TM) 64-Bit Server VM (25.31-b07 mixed mode windows-amd64 compressed oops)
Heap:
 PSYoungGen      total 2272768K, used 195694K [0x0000000717600000, 0x00000007be480000, 0x00000007c0000000)
  eden space 2259968K, 8% used [0x0000000717600000,0x00000007234d3bd8,0x00000007a1500000)
  from space 12800K, 2% used [0x00000007bcb80000,0x00000007bcbc8000,0x00000007bd800000)
  to   space 11776K, 0% used [0x00000007bd900000,0x00000007bd900000,0x00000007be480000)
 ParOldGen       total 256512K, used 32305K [0x00000005c6200000, 0x00000005d5c80000, 0x0000000717600000)
  object space 256512K, 12% used [0x00000005c6200000,0x00000005c818c498,0x00000005d5c80000)
 Metaspace       used 39782K, capacity 40488K, committed 40872K, reserved 1085440K
  class space    used 4791K, capacity 4964K, committed 5032K, reserved 1048576K
GC Heap History (10 events):
Event: 69.788 GC heap before
{Heap before GC invocations=25 (full 2):
 PSYoungGen      total 2741248K, used 2727136K [0x0000000717600000, 0x00000007bfd00000, 0x00000007c0000000)
  eden space 2726912K, 100% used [0x0000000717600000,0x00000007bdd00000,0x00000007bdd00000)
  from space 14336K, 1% used [0x00000007bef00000,0x00000007bef38000,0x00000007bfd00000)
  to   space 16384K, 0% used [0x00000007bdd00000,0x00000007bdd00000,0x00000007bed00000)
 ParOldGen       total 256512K, used 32281K [0x00000005c6200000, 0x00000005d5c80000, 0x0000000717600000)
  object space 256512K, 12% used [0x00000005c6200000,0x00000005c8186498,0x00000005d5c80000)
 Metaspace       used 39496K, capacity 40254K, committed 40616K, reserved 1085440K
  class space    used 4749K, capacity 4929K, committed 5032K, reserved 1048576K
Event: 69.789 GC heap after
Heap after GC invocations=25 (full 2):
 PSYoungGen      total 2743296K, used 352K [0x0000000717600000, 0x00000007c0000000, 0x00000007c0000000)
  eden space 2726912K, 0% used [0x0000000717600000,0x0000000717600000,0x00000007bdd00000)
  from space 16384K, 2% used [0x00000007bdd00000,0x00000007bdd58000,0x00000007bed00000)
  to   space 15360K, 0% used [0x00000007bf100000,0x00000007bf100000,0x00000007c0000000)
 ParOldGen       total 256512K, used 32289K [0x00000005c6200000, 0x00000005d5c80000, 0x0000000717600000)
  object space 256512K, 12% used [0x00000005c6200000,0x00000005c8188498,0x00000005d5c80000)
 Metaspace       used 39496K, capacity 40254K, committed 40616K, reserved 1085440K
  class space    used 4749K, capacity 4929K, committed 5032K, reserved 1048576K
}
Event: 74.355 GC heap before
{Heap before GC invocations=26 (full 2):
 PSYoungGen      total 2743296K, used 2727264K [0x0000000717600000, 0x00000007c0000000, 0x00000007c0000000)
  eden space 2726912K, 100% used [0x0000000717600000,0x00000007bdd00000,0x00000007bdd00000)
  from space 16384K, 2% used [0x00000007bdd00000,0x00000007bdd58000,0x00000007bed00000)
  to   space 15360K, 0% used [0x00000007bf100000,0x00000007bf100000,0x00000007c0000000)
 ParOldGen       total 256512K, used 32289K [0x00000005c6200000, 0x00000005d5c80000, 0x0000000717600000)
  object space 256512K, 12% used [0x00000005c6200000,0x00000005c8188498,0x00000005d5c80000)
 Metaspace       used 39501K, capacity 40254K, committed 40616K, reserved 1085440K
  class space    used 4749K, capacity 4929K, committed 5032K, reserved 1048576K
Event: 74.357 GC heap after
Heap after GC invocations=26 (full 2):
 PSYoungGen      total 2601472K, used 352K [0x0000000717600000, 0x00000007bf180000, 0x00000007c0000000)
  eden space 2600960K, 0% used [0x0000000717600000,0x0000000717600000,0x00000007b6200000)
  from space 512K, 68% used [0x00000007bf100000,0x00000007bf158000,0x00000007bf180000)
  to   space 14336K, 0% used [0x00000007bd580000,0x00000007bd580000,0x00000007be380000)
 ParOldGen       total 256512K, used 32289K [0x00000005c6200000, 0x00000005d5c80000, 0x0000000717600000)
  object space 256512K, 12% used [0x00000005c6200000,0x00000005c8188498,0x00000005d5c80000)
 Metaspace       used 39501K, capacity 40254K, committed 40616K, reserved 1085440K
  class space    used 4749K, capacity 4929K, committed 5032K, reserved 1048576K
}
Event: 81.260 GC heap before
{Heap before GC invocations=27 (full 2):
 PSYoungGen      total 2601472K, used 2601312K [0x0000000717600000, 0x00000007bf180000, 0x00000007c0000000)
  eden space 2600960K, 100% used [0x0000000717600000,0x00000007b6200000,0x00000007b6200000)
  from space 512K, 68% used [0x00000007bf100000,0x00000007bf158000,0x00000007bf180000)
  to   space 14336K, 0% used [0x00000007bd580000,0x00000007bd580000,0x00000007be380000)
 ParOldGen       total 256512K, used 32289K [0x00000005c6200000, 0x00000005d5c80000, 0x0000000717600000)
  object space 256512K, 12% used [0x00000005c6200000,0x00000005c8188498,0x00000005d5c80000)
 Metaspace       used 39516K, capacity 40254K, committed 40616K, reserved 1085440K
  class space    used 4749K, capacity 4929K, committed 5032K, reserved 1048576K
Event: 81.262 GC heap after
Heap after GC invocations=27 (full 2):
 PSYoungGen      total 2496000K, used 352K [0x0000000717600000, 0x00000007bf180000, 0x00000007c0000000)
  eden space 2481664K, 0% used [0x0000000717600000,0x0000000717600000,0x00000007aed80000)
  from space 14336K, 2% used [0x00000007bd580000,0x00000007bd5d8000,0x00000007be380000)
  to   space 13824K, 0% used [0x00000007be400000,0x00000007be400000,0x00000007bf180000)
 ParOldGen       total 256512K, used 32289K [0x00000005c6200000, 0x00000005d5c80000, 0x0000000717600000)
  object space 256512K, 12% used [0x00000005c6200000,0x00000005c8188498,0x00000005d5c80000)
 Metaspace       used 39516K, capacity 40254K, committed 40616K, reserved 1085440K
  class space    used 4749K, capacity 4929K, committed 5032K, reserved 1048576K
}
Event: 87.011 GC heap before
{Heap before GC invocations=28 (full 2):
 PSYoungGen      total 2496000K, used 2482016K [0x0000000717600000, 0x00000007bf180000, 0x00000007c0000000)
  eden space 2481664K, 100% used [0x0000000717600000,0x00000007aed80000,0x00000007aed80000)
  from space 14336K, 2% used [0x00000007bd580000,0x00000007bd5d8000,0x00000007be380000)
  to   space 13824K, 0% used [0x00000007be400000,0x00000007be400000,0x00000007bf180000)
 ParOldGen       total 256512K, used 32289K [0x00000005c6200000, 0x00000005d5c80000, 0x0000000717600000)
  object space 256512K, 12% used [0x00000005c6200000,0x00000005c8188498,0x00000005d5c80000)
 Metaspace       used 39523K, capacity 40254K, committed 40616K, reserved 1085440K
  class space    used 4749K, capacity 4929K, committed 5032K, reserved 1048576K
Event: 87.013 GC heap after
Heap after GC invocations=28 (full 2):
 PSYoungGen      total 2368512K, used 352K [0x0000000717600000, 0x00000007be480000, 0x00000007c0000000)
  eden space 2368000K, 0% used [0x0000000717600000,0x0000000717600000,0x00000007a7e80000)
  from space 512K, 68% used [0x00000007be400000,0x00000007be458000,0x00000007be480000)
  to   space 12800K, 0% used [0x00000007bcb80000,0x00000007bcb80000,0x00000007bd800000)
 ParOldGen       total 256512K, used 32297K [0x00000005c6200000, 0x00000005d5c80000, 0x0000000717600000)
  object space 256512K, 12% used [0x00000005c6200000,0x00000005c818a498,0x00000005d5c80000)
 Metaspace       used 39523K, capacity 40254K, committed 40616K, reserved 1085440K
  class space    used 4749K, capacity 4929K, committed 5032K, reserved 1048576K
}
Event: 92.510 GC heap before
{Heap before GC invocations=29 (full 2):
 PSYoungGen      total 2368512K, used 2368352K [0x0000000717600000, 0x00000007be480000, 0x00000007c0000000)
  eden space 2368000K, 100% used [0x0000000717600000,0x00000007a7e80000,0x00000007a7e80000)
  from space 512K, 68% used [0x00000007be400000,0x00000007be458000,0x00000007be480000)
  to   space 12800K, 0% used [0x00000007bcb80000,0x00000007bcb80000,0x00000007bd800000)
 ParOldGen       total 256512K, used 32297K [0x00000005c6200000, 0x00000005d5c80000, 0x0000000717600000)
  object space 256512K, 12% used [0x00000005c6200000,0x00000005c818a498,0x00000005d5c80000)
 Metaspace       used 39570K, capacity 40318K, committed 40616K, reserved 1085440K
  class space    used 4753K, capacity 4929K, committed 5032K, reserved 1048576K
Event: 92.513 GC heap after
Heap after GC invocations=29 (full 2):
 PSYoungGen      total 2272768K, used 288K [0x0000000717600000, 0x00000007be480000, 0x00000007c0000000)
  eden space 2259968K, 0% used [0x0000000717600000,0x0000000717600000,0x00000007a1500000)
  from space 12800K, 2% used [0x00000007bcb80000,0x00000007bcbc8000,0x00000007bd800000)
  to   space 11776K, 0% used [0x00000007bd900000,0x00000007bd900000,0x00000007be480000)
 ParOldGen       total 256512K, used 32305K [0x00000005c6200000, 0x00000005d5c80000, 0x0000000717600000)
  object space 256512K, 12% used [0x00000005c6200000,0x00000005c818c498,0x00000005d5c80000)
 Metaspace       used 39570K, capacity 40318K, committed 40616K, reserved 1085440K
  class space    used 4753K, capacity 4929K, committed 5032K, reserved 1048576K
}

