# JRE version: Java(TM) SE Runtime Environment (8.0_31-b13) (build 1.8.0_31-b13)
# Java VM: Java HotSpot(TM) 64-Bit Server VM (25.31-b07 mixed mode windows-amd64 compressed oops)
Heap:
 PSYoungGen      total 593408K, used 260150K [0x0000000717600000, 0x0000000765d80000, 0x00000007c0000000)
  eden space 589824K, 44% used [0x0000000717600000,0x00000007273b5860,0x000000073b600000)
  from space 3584K, 9% used [0x0000000765680000,0x00000007656d8000,0x0000000765a00000)
  to   space 3584K, 0% used [0x0000000765a00000,0x0000000765a00000,0x0000000765d80000)
 ParOldGen       total 267264K, used 17491K [0x00000005c6200000, 0x00000005d6700000, 0x0000000717600000)
  object space 267264K, 6% used [0x00000005c6200000,0x00000005c7314d48,0x00000005d6700000)
 Metaspace       used 39796K, capacity 40536K, committed 40832K, reserved 1085440K
  class space    used 4789K, capacity 4964K, committed 4992K, reserved 1048576K
GC Heap History (10 events):
Event: 109.242 GC heap before
{Heap before GC invocations=41 (full 2):
 PSYoungGen      total 708608K, used 708416K [0x0000000717600000, 0x0000000766500000, 0x00000007c0000000)
  eden space 708096K, 100% used [0x0000000717600000,0x0000000742980000,0x0000000742980000)
  from space 512K, 62% used [0x0000000766480000,0x00000007664d0000,0x0000000766500000)
  to   space 4608K, 0% used [0x0000000765c00000,0x0000000765c00000,0x0000000766080000)
 ParOldGen       total 267264K, used 17339K [0x00000005c6200000, 0x00000005d6700000, 0x0000000717600000)
  object space 267264K, 6% used [0x00000005c6200000,0x00000005c72eed48,0x00000005d6700000)
 Metaspace       used 39556K, capacity 40302K, committed 40576K, reserved 1085440K
  class space    used 4748K, capacity 4929K, committed 4992K, reserved 1048576K
Event: 109.243 GC heap after
Heap after GC invocations=41 (full 2):
 PSYoungGen      total 686592K, used 256K [0x0000000717600000, 0x0000000766500000, 0x00000007c0000000)
  eden space 681984K, 0% used [0x0000000717600000,0x0000000717600000,0x0000000741000000)
  from space 4608K, 5% used [0x0000000765c00000,0x0000000765c40000,0x0000000766080000)
  to   space 4608K, 0% used [0x0000000766080000,0x0000000766080000,0x0000000766500000)
 ParOldGen       total 267264K, used 17347K [0x00000005c6200000, 0x00000005d6700000, 0x0000000717600000)
  object space 267264K, 6% used [0x00000005c6200000,0x00000005c72f0d48,0x00000005d6700000)
 Metaspace       used 39556K, capacity 40302K, committed 40576K, reserved 1085440K
  class space    used 4748K, capacity 4929K, committed 4992K, reserved 1048576K
}
Event: 110.355 GC heap before
{Heap before GC invocations=42 (full 2):
 PSYoungGen      total 686592K, used 682240K [0x0000000717600000, 0x0000000766500000, 0x00000007c0000000)
  eden space 681984K, 100% used [0x0000000717600000,0x0000000741000000,0x0000000741000000)
  from space 4608K, 5% used [0x0000000765c00000,0x0000000765c40000,0x0000000766080000)
  to   space 4608K, 0% used [0x0000000766080000,0x0000000766080000,0x0000000766500000)
 ParOldGen       total 267264K, used 17347K [0x00000005c6200000, 0x00000005d6700000, 0x0000000717600000)
  object space 267264K, 6% used [0x00000005c6200000,0x00000005c72f0d48,0x00000005d6700000)
 Metaspace       used 39559K, capacity 40302K, committed 40576K, reserved 1085440K
  class space    used 4748K, capacity 4929K, committed 4992K, reserved 1048576K
Event: 110.357 GC heap after
Heap after GC invocations=42 (full 2):
 PSYoungGen      total 657920K, used 256K [0x0000000717600000, 0x0000000766100000, 0x00000007c0000000)
  eden space 657408K, 0% used [0x0000000717600000,0x0000000717600000,0x000000073f800000)
  from space 512K, 50% used [0x0000000766080000,0x00000007660c0000,0x0000000766100000)
  to   space 4096K, 0% used [0x0000000765900000,0x0000000765900000,0x0000000765d00000)
 ParOldGen       total 267264K, used 17347K [0x00000005c6200000, 0x00000005d6700000, 0x0000000717600000)
  object space 267264K, 6% used [0x00000005c6200000,0x00000005c72f0d48,0x00000005d6700000)
 Metaspace       used 39559K, capacity 40302K, committed 40576K, reserved 1085440K
  class space    used 4748K, capacity 4929K, committed 4992K, reserved 1048576K
}
Event: 111.505 GC heap before
{Heap before GC invocations=43 (full 2):
 PSYoungGen      total 657920K, used 657664K [0x0000000717600000, 0x0000000766100000, 0x00000007c0000000)
  eden space 657408K, 100% used [0x0000000717600000,0x000000073f800000,0x000000073f800000)
  from space 512K, 50% used [0x0000000766080000,0x00000007660c0000,0x0000000766100000)
  to   space 4096K, 0% used [0x0000000765900000,0x0000000765900000,0x0000000765d00000)
 ParOldGen       total 267264K, used 17347K [0x00000005c6200000, 0x00000005d6700000, 0x0000000717600000)
  object space 267264K, 6% used [0x00000005c6200000,0x00000005c72f0d48,0x00000005d6700000)
 Metaspace       used 39560K, capacity 40302K, committed 40576K, reserved 1085440K
  class space    used 4748K, capacity 4929K, committed 4992K, reserved 1048576K
Event: 111.507 GC heap after
Heap after GC invocations=43 (full 2):
 PSYoungGen      total 637952K, used 256K [0x0000000717600000, 0x0000000766100000, 0x00000007c0000000)
  eden space 633856K, 0% used [0x0000000717600000,0x0000000717600000,0x000000073e100000)
  from space 4096K, 6% used [0x0000000765900000,0x0000000765940000,0x0000000765d00000)
  to   space 4096K, 0% used [0x0000000765d00000,0x0000000765d00000,0x0000000766100000)
 ParOldGen       total 267264K, used 17395K [0x00000005c6200000, 0x00000005d6700000, 0x0000000717600000)
  object space 267264K, 6% used [0x00000005c6200000,0x00000005c72fcd48,0x00000005d6700000)
 Metaspace       used 39560K, capacity 40302K, committed 40576K, reserved 1085440K
  class space    used 4748K, capacity 4929K, committed 4992K, reserved 1048576K
}
Event: 112.878 GC heap before
{Heap before GC invocations=44 (full 2):
 PSYoungGen      total 637952K, used 634112K [0x0000000717600000, 0x0000000766100000, 0x00000007c0000000)
  eden space 633856K, 100% used [0x0000000717600000,0x000000073e100000,0x000000073e100000)
  from space 4096K, 6% used [0x0000000765900000,0x0000000765940000,0x0000000765d00000)
  to   space 4096K, 0% used [0x0000000765d00000,0x0000000765d00000,0x0000000766100000)
 ParOldGen       total 267264K, used 17395K [0x00000005c6200000, 0x00000005d6700000, 0x0000000717600000)
  object space 267264K, 6% used [0x00000005c6200000,0x00000005c72fcd48,0x00000005d6700000)
 Metaspace       used 39565K, capacity 40302K, committed 40576K, reserved 1085440K
  class space    used 4749K, capacity 4929K, committed 4992K, reserved 1048576K
Event: 112.880 GC heap after
Heap after GC invocations=44 (full 2):
 PSYoungGen      total 611840K, used 288K [0x0000000717600000, 0x0000000765d80000, 0x00000007c0000000)
  eden space 611328K, 0% used [0x0000000717600000,0x0000000717600000,0x000000073cb00000)
  from space 512K, 56% used [0x0000000765d00000,0x0000000765d48000,0x0000000765d80000)
  to   space 3584K, 0% used [0x0000000765680000,0x0000000765680000,0x0000000765a00000)
 ParOldGen       total 267264K, used 17451K [0x00000005c6200000, 0x00000005d6700000, 0x0000000717600000)
  object space 267264K, 6% used [0x00000005c6200000,0x00000005c730ad48,0x00000005d6700000)
 Metaspace       used 39565K, capacity 40302K, committed 40576K, reserved 1085440K
  class space    used 4749K, capacity 4929K, committed 4992K, reserved 1048576K
}
Event: 114.094 GC heap before
{Heap before GC invocations=45 (full 2):
 PSYoungGen      total 611840K, used 611616K [0x0000000717600000, 0x0000000765d80000, 0x00000007c0000000)
  eden space 611328K, 100% used [0x0000000717600000,0x000000073cb00000,0x000000073cb00000)
  from space 512K, 56% used [0x0000000765d00000,0x0000000765d48000,0x0000000765d80000)
  to   space 3584K, 0% used [0x0000000765680000,0x0000000765680000,0x0000000765a00000)
 ParOldGen       total 267264K, used 17451K [0x00000005c6200000, 0x00000005d6700000, 0x0000000717600000)
  object space 267264K, 6% used [0x00000005c6200000,0x00000005c730ad48,0x00000005d6700000)
 Metaspace       used 39569K, capacity 40302K, committed 40576K, reserved 1085440K
  class space    used 4749K, capacity 4929K, committed 4992K, reserved 1048576K
Event: 114.096 GC heap after
Heap after GC invocations=45 (full 2):
 PSYoungGen      total 593408K, used 352K [0x0000000717600000, 0x0000000765d80000, 0x00000007c0000000)
  eden space 589824K, 0% used [0x0000000717600000,0x0000000717600000,0x000000073b600000)
  from space 3584K, 9% used [0x0000000765680000,0x00000007656d8000,0x0000000765a00000)
  to   space 3584K, 0% used [0x0000000765a00000,0x0000000765a00000,0x0000000765d80000)
 ParOldGen       total 267264K, used 17491K [0x00000005c6200000, 0x00000005d6700000, 0x0000000717600000)
  object space 267264K, 6% used [0x00000005c6200000,0x00000005c7314d48,0x00000005d6700000)
 Metaspace       used 39569K, capacity 40302K, committed 40576K, reserved 1085440K
  class space    used 4749K, capacity 4929K, committed 4992K, reserved 1048576K
}

